Requirement already satisfied: pip in /opt/hostedtoolcache/Python/3.11.15/x64/lib/python3.11/site-packages (26.1.2)
Requirement already satisfied: setuptools in /opt/hostedtoolcache/Python/3.11.15/x64/lib/python3.11/site-packages (79.0.1)
Collecting setuptools
  Downloading setuptools-83.0.0-py3-none-any.whl.metadata (6.6 kB)
Collecting wheel
  Downloading wheel-0.47.0-py3-none-any.whl.metadata (2.3 kB)
Collecting packaging>=24.0 (from wheel)
  Downloading packaging-26.2-py3-none-any.whl.metadata (3.5 kB)
Downloading setuptools-83.0.0-py3-none-any.whl (1.0 MB)
   ━━━━━━━━━━━━━━━━━━━━━━━━━━━━━━━━━━━━━━━━ 1.0/1.0 MB 17.4 MB/s  0:00:00
Downloading wheel-0.47.0-py3-none-any.whl (32 kB)
Downloading packaging-26.2-py3-none-any.whl (100 kB)
Installing collected packages: setuptools, packaging, wheel
  Attempting uninstall: setuptools
    Found existing installation: setuptools 79.0.1
    Uninstalling setuptools-79.0.1:
      Successfully uninstalled setuptools-79.0.1

Successfully installed packaging-26.2 setuptools-83.0.0 wheel-0.47.0
Files removed: 20 (1.4 MB)
Directories removed: 0
Collecting pandas>=2.2.2 (from -r requirements.txt (line 1))
  Downloading pandas-3.0.3-cp311-cp311-manylinux_2_24_x86_64.manylinux_2_28_x86_64.whl.metadata (79 kB)
Collecting requests>=2.31.0 (from -r requirements.txt (line 2))
  Downloading requests-2.34.2-py3-none-any.whl.metadata (4.8 kB)
Collecting pyyaml>=6.0.2 (from -r requirements.txt (line 3))
  Downloading pyyaml-6.0.3-cp311-cp311-manylinux2014_x86_64.manylinux_2_17_x86_64.manylinux_2_28_x86_64.whl.metadata (2.4 kB)
Collecting python-dateutil>=2.9.0 (from -r requirements.txt (line 4))
  Downloading python_dateutil-2.9.0.post0-py2.py3-none-any.whl.metadata (8.4 kB)
Collecting openpyxl>=3.1.5 (from -r requirements.txt (line 5))
  Downloading openpyxl-3.1.5-py2.py3-none-any.whl.metadata (2.5 kB)
Collecting tqdm>=4.66.5 (from -r requirements.txt (line 6))
  Downloading tqdm-4.68.4-py3-none-any.whl.metadata (57 kB)
Collecting ortools>=9.10.4067 (from -r requirements.txt (line 7))
  Downloading ortools-9.15.6755-cp311-cp311-manylinux_2_27_x86_64.manylinux_2_28_x86_64.whl.metadata (3.3 kB)
Collecting numpy>=1.26.0 (from pandas>=2.2.2->-r requirements.txt (line 1))
  Downloading numpy-2.4.6-cp311-cp311-manylinux_2_27_x86_64.manylinux_2_28_x86_64.whl.metadata (6.6 kB)
Collecting charset_normalizer<4,>=2 (from requests>=2.31.0->-r requirements.txt (line 2))
  Downloading charset_normalizer-3.4.9-cp311-cp311-manylinux2014_x86_64.manylinux_2_17_x86_64.manylinux_2_28_x86_64.whl.metadata (41 kB)
Collecting idna<4,>=2.5 (from requests>=2.31.0->-r requirements.txt (line 2))
  Downloading idna-3.18-py3-none-any.whl.metadata (6.1 kB)
Collecting urllib3<3,>=1.26 (from requests>=2.31.0->-r requirements.txt (line 2))
  Downloading urllib3-2.7.0-py3-none-any.whl.metadata (6.9 kB)
Collecting certifi>=2023.5.7 (from requests>=2.31.0->-r requirements.txt (line 2))
  Downloading certifi-2026.6.17-py3-none-any.whl.metadata (2.5 kB)
Collecting six>=1.5 (from python-dateutil>=2.9.0->-r requirements.txt (line 4))
  Downloading six-1.17.0-py2.py3-none-any.whl.metadata (1.7 kB)
Collecting et-xmlfile (from openpyxl>=3.1.5->-r requirements.txt (line 5))
  Downloading et_xmlfile-2.0.0-py3-none-any.whl.metadata (2.7 kB)
Collecting absl-py>=2.0.0 (from ortools>=9.10.4067->-r requirements.txt (line 7))
  Downloading absl_py-2.5.0-py3-none-any.whl.metadata (3.3 kB)
Collecting protobuf<6.34,>=6.33.1 (from ortools>=9.10.4067->-r requirements.txt (line 7))
  Downloading protobuf-6.33.6-cp39-abi3-manylinux2014_x86_64.whl.metadata (593 bytes)
Collecting typing-extensions>=4.12 (from ortools>=9.10.4067->-r requirements.txt (line 7))
  Downloading typing_extensions-4.16.0-py3-none-any.whl.metadata (3.3 kB)
Collecting immutabledict>=3.0.0 (from ortools>=9.10.4067->-r requirements.txt (line 7))
  Downloading immutabledict-4.3.1-py3-none-any.whl.metadata (3.5 kB)
Downloading pandas-3.0.3-cp311-cp311-manylinux_2_24_x86_64.manylinux_2_28_x86_64.whl (11.3 MB)
   ━━━━━━━━━━━━━━━━━━━━━━━━━━━━━━━━━━━━━━━━ 11.3/11.3 MB 46.4 MB/s  0:00:00
Downloading requests-2.34.2-py3-none-any.whl (73 kB)
Downloading charset_normalizer-3.4.9-cp311-cp311-manylinux2014_x86_64.manylinux_2_17_x86_64.manylinux_2_28_x86_64.whl (221 kB)
Downloading idna-3.18-py3-none-any.whl (65 kB)
Downloading urllib3-2.7.0-py3-none-any.whl (131 kB)
Downloading pyyaml-6.0.3-cp311-cp311-manylinux2014_x86_64.manylinux_2_17_x86_64.manylinux_2_28_x86_64.whl (806 kB)
   ━━━━━━━━━━━━━━━━━━━━━━━━━━━━━━━━━━━━━━━━ 806.6/806.6 kB 103.9 MB/s  0:00:00
Downloading python_dateutil-2.9.0.post0-py2.py3-none-any.whl (229 kB)
Downloading openpyxl-3.1.5-py2.py3-none-any.whl (250 kB)
Downloading tqdm-4.68.4-py3-none-any.whl (676 kB)
   ━━━━━━━━━━━━━━━━━━━━━━━━━━━━━━━━━━━━━━━━ 676.6/676.6 kB 92.6 MB/s  0:00:00
Downloading ortools-9.15.6755-cp311-cp311-manylinux_2_27_x86_64.manylinux_2_28_x86_64.whl (29.8 MB)
   ━━━━━━━━━━━━━━━━━━━━━━━━━━━━━━━━━━━━━━━━ 29.8/29.8 MB 231.4 MB/s  0:00:00
Downloading protobuf-6.33.6-cp39-abi3-manylinux2014_x86_64.whl (323 kB)
Downloading absl_py-2.5.0-py3-none-any.whl (137 kB)
Downloading certifi-2026.6.17-py3-none-any.whl (133 kB)
Downloading immutabledict-4.3.1-py3-none-any.whl (5.0 kB)
Downloading numpy-2.4.6-cp311-cp311-manylinux_2_27_x86_64.manylinux_2_28_x86_64.whl (16.9 MB)
   ━━━━━━━━━━━━━━━━━━━━━━━━━━━━━━━━━━━━━━━━ 16.9/16.9 MB 487.2 MB/s  0:00:00
Downloading six-1.17.0-py2.py3-none-any.whl (11 kB)
Downloading typing_extensions-4.16.0-py3-none-any.whl (45 kB)
Downloading et_xmlfile-2.0.0-py3-none-any.whl (18 kB)
Installing collected packages: urllib3, typing-extensions, tqdm, six, pyyaml, protobuf, numpy, immutabledict, idna, et-xmlfile, charset_normalizer, certifi, absl-py, requests, python-dateutil, openpyxl, pandas, ortools

Successfully installed absl-py-2.5.0 certifi-2026.6.17 charset_normalizer-3.4.9 et-xmlfile-2.0.0 idna-3.18 immutabledict-4.3.1 numpy-2.4.6 openpyxl-3.1.5 ortools-9.15.6755 pandas-3.0.3 protobuf-6.33.6 python-dateutil-2.9.0.post0 pyyaml-6.0.3 requests-2.34.2 six-1.17.0 tqdm-4.68.4 typing-extensions-4.16.0 urllib3-2.7.0
Obtaining file:///home/runner/work/LOTG-Stats/LOTG-Stats
  Checking if build backend supports build_editable: started
  Checking if build backend supports build_editable: finished with status 'done'
  Preparing editable metadata (pyproject.toml): started
  Preparing editable metadata (pyproject.toml): finished with status 'done'
Building wheels for collected packages: lotg
  Building editable for lotg (pyproject.toml): started
  Building editable for lotg (pyproject.toml): finished with status 'done'
  Created wheel for lotg: filename=lotg-2.0.0-0.editable-py3-none-any.whl size=1214 sha256=25c3b853a63dfd9084398a8b236b62938e0cc256efa6bf91d2be7d533583d9cc
  Stored in directory: /tmp/pip-ephem-wheel-cache-xmpliq9e/wheels/ef/ed/13/44e256507283aec69b5fcc835b473d152e1110cbdef8472794
Successfully built lotg
Installing collected packages: lotg
Successfully installed lotg-2.0.0
