INFO player_week: shape=(21376, 48)
INFO player_week: missing={'Points': 0, 'Injury?': 0, 'Suspension?': 0, 'Bye?': 0}
INFO team_week: rows=808 zero_max_pf=0
INFO team_week: shape=(808, 88)
INFO team_week: missing={'PF': 0, 'Max PF': 0, 'Efficiency': 0}
/home/runner/work/LOTG-Stats/LOTG-Stats/src/lotg.py:1291: Pandas4Warning: In a future version, the keys of `groups` will be a tuple with a single element, e.g. (Player ID,) , instead of a scalar, e.g. Player ID, when grouping by a list with a single element. Use ``df.groupby(by='a').groups`` instead of ``df.groupby(by=['a']).groups`` to avoid this warning
  groups = df.groupby([group_col], sort=False).groups
/home/runner/work/LOTG-Stats/LOTG-Stats/src/lotg.py:1291: Pandas4Warning: In a future version, the keys of `groups` will be a tuple with a single element, e.g. (Player ID,) , instead of a scalar, e.g. Player ID, when grouping by a list with a single element. Use ``df.groupby(by='a').groups`` instead of ``df.groupby(by=['a']).groups`` to avoid this warning
  groups = df.groupby([group_col], sort=False).groups
/home/runner/work/LOTG-Stats/LOTG-Stats/src/lotg.py:1291: Pandas4Warning: In a future version, the keys of `groups` will be a tuple with a single element, e.g. (Player ID,) , instead of a scalar, e.g. Player ID, when grouping by a list with a single element. Use ``df.groupby(by='a').groups`` instead of ``df.groupby(by=['a']).groups`` to avoid this warning
  groups = df.groupby([group_col], sort=False).groups
/home/runner/work/LOTG-Stats/LOTG-Stats/src/lotg.py:1291: Pandas4Warning: In a future version, the keys of `groups` will be a tuple with a single element, e.g. (Team,) , instead of a scalar, e.g. Team, when grouping by a list with a single element. Use ``df.groupby(by='a').groups`` instead of ``df.groupby(by=['a']).groups`` to avoid this warning
  groups = df.groupby([group_col], sort=False).groups
/home/runner/work/LOTG-Stats/LOTG-Stats/src/lotg.py:17776: PerformanceWarning: DataFrame is highly fragmented.  This is usually the result of calling `frame.insert` many times, which has poor performance.  Consider joining all columns at once using pd.concat(axis=1) instead. To get a de-fragmented frame, use `newframe = frame.copy()`
  team_year["All-play win % minus Win %"] = _ap_diff(_ap, team_year.get("Win %"))
/home/runner/work/LOTG-Stats/LOTG-Stats/src/lotg.py:17777: PerformanceWarning: DataFrame is highly fragmented.  This is usually the result of calling `frame.insert` many times, which has poor performance.  Consider joining all columns at once using pd.concat(axis=1) instead. To get a de-fragmented frame, use `newframe = frame.copy()`
  team_year["Losses from hardship"] = pd.array(
/home/runner/work/LOTG-Stats/LOTG-Stats/src/lotg.py:17781: PerformanceWarning: DataFrame is highly fragmented.  This is usually the result of calling `frame.insert` many times, which has poor performance.  Consider joining all columns at once using pd.concat(axis=1) instead. To get a de-fragmented frame, use `newframe = frame.copy()`
  team_year["Losses from byes"] = pd.array(
/home/runner/work/LOTG-Stats/LOTG-Stats/src/lotg.py:17785: PerformanceWarning: DataFrame is highly fragmented.  This is usually the result of calling `frame.insert` many times, which has poor performance.  Consider joining all columns at once using pd.concat(axis=1) instead. To get a de-fragmented frame, use `newframe = frame.copy()`
  team_year["Wins from byes"] = pd.array(
/home/runner/work/LOTG-Stats/LOTG-Stats/src/lotg.py:17789: PerformanceWarning: DataFrame is highly fragmented.  This is usually the result of calling `frame.insert` many times, which has poor performance.  Consider joining all columns at once using pd.concat(axis=1) instead. To get a de-fragmented frame, use `newframe = frame.copy()`
  team_year["Losses from hardship (2-sided)"] = pd.array(
/home/runner/work/LOTG-Stats/LOTG-Stats/src/lotg.py:17793: PerformanceWarning: DataFrame is highly fragmented.  This is usually the result of calling `frame.insert` many times, which has poor performance.  Consider joining all columns at once using pd.concat(axis=1) instead. To get a de-fragmented frame, use `newframe = frame.copy()`
  team_year["Wins from hardship (2-sided)"] = pd.array(
/home/runner/work/LOTG-Stats/LOTG-Stats/src/lotg.py:17873: PerformanceWarning: DataFrame is highly fragmented.  This is usually the result of calling `frame.insert` many times, which has poor performance.  Consider joining all columns at once using pd.concat(axis=1) instead. To get a de-fragmented frame, use `newframe = frame.copy()`
  _suy_fin = (team_year.assign(_v=pd.to_numeric(team_year.get(_COL_SR), errors="coerce"))
[lotg] refreshed live current-season roster snapshot
